#
# There is insufficient memory for the Java Runtime Environment to continue.
# Native memory allocation (mmap) failed to map 268435456 bytes for committing reserved memory.
# Possible reasons:
#   The system is out of physical RAM or swap space
#   In 32 bit mode, the process size limit was hit
# Possible solutions:
#   Reduce memory load on the system
#   Increase physical memory or swap space
#   Check if swap backing store is full
#   Use 64 bit Java on a 64 bit OS
#   Decrease Java heap size (-Xmx/-Xms)
#   Decrease number of Java threads
#   Decrease Java thread stack sizes (-Xss)
#   Set larger code cache with -XX:ReservedCodeCacheSize=
# This output file may be truncated or incomplete.
#
#  Out of Memory Error (os_linux.cpp:2627), pid=18996, tid=0x00007f8d05703700
#
# JRE version: OpenJDK Runtime Environment (8.0_121-b13) (build 1.8.0_121-b13)
# Java VM: OpenJDK 64-Bit Server VM (25.121-b13 mixed mode linux-amd64 compressed oops)
# Core dump written. Default location: /home/byteforce/Asztal/JunitMockup/core or core.18996
#

---------------  T H R E A D  ---------------

Current thread (0x00007f8d1813f800):  VMThread [stack: 0x00007f8d05603000,0x00007f8d05704000] [id=19007]

Stack: [0x00007f8d05603000,0x00007f8d05704000],  sp=0x00007f8d05702550,  free space=1021k
Native frames: (J=compiled Java code, j=interpreted, Vv=VM code, C=native code)
V  [libjvm.so+0xa2ce3b]
V  [libjvm.so+0x4b2387]
V  [libjvm.so+0x885fd0]
V  [libjvm.so+0x880d0f]
V  [libjvm.so+0x8f879e]
V  [libjvm.so+0x8f9a4b]
V  [libjvm.so+0x8f620b]
V  [libjvm.so+0x8f64dc]
V  [libjvm.so+0x8a9383]
V  [libjvm.so+0xa2e8a3]
V  [libjvm.so+0xa337a7]
V  [libjvm.so+0xa31117]
V  [libjvm.so+0xa3241e]
V  [libjvm.so+0xa32912]
V  [libjvm.so+0x8838a2]

VM_Operation (0x00007f8d1e514700): ParallelGCFailedAllocation, mode: safepoint, requested by thread 0x00007f8d1800b000


---------------  P R O C E S S  ---------------

Java Threads: ( => current thread )
  0x00007f8d181e1000 JavaThread "Service Thread" daemon [_thread_blocked, id=19023, stack(0x00007f8d048c0000,0x00007f8d049c1000)]
  0x00007f8d181dc000 JavaThread "C1 CompilerThread2" daemon [_thread_blocked, id=19022, stack(0x00007f8d049c1000,0x00007f8d04ac2000)]
  0x00007f8d181d9800 JavaThread "C2 CompilerThread1" daemon [_thread_blocked, id=19021, stack(0x00007f8d04ac2000,0x00007f8d04bc3000)]
  0x00007f8d181d8000 JavaThread "C2 CompilerThread0" daemon [_thread_blocked, id=19020, stack(0x00007f8d04dda000,0x00007f8d04edb000)]
  0x00007f8d181cd800 JavaThread "Monitor Ctrl-Break" daemon [_thread_in_native, id=19019, stack(0x00007f8d04edb000,0x00007f8d04fdc000)]
  0x00007f8d1817c000 JavaThread "Signal Dispatcher" daemon [_thread_blocked, id=19013, stack(0x00007f8d04fe6000,0x00007f8d050e7000)]
  0x00007f8d1814c000 JavaThread "Finalizer" daemon [_thread_blocked, id=19009, stack(0x00007f8d05401000,0x00007f8d05502000)]
  0x00007f8d18147800 JavaThread "Reference Handler" daemon [_thread_blocked, id=19008, stack(0x00007f8d05502000,0x00007f8d05603000)]
  0x00007f8d1800b000 JavaThread "main" [_thread_blocked, id=18999, stack(0x00007f8d1e415000,0x00007f8d1e516000)]

Other Threads:
=>0x00007f8d1813f800 VMThread [stack: 0x00007f8d05603000,0x00007f8d05704000] [id=19007]
  0x00007f8d181e3800 WatcherThread [stack: 0x00007f8d047bf000,0x00007f8d048c0000] [id=19024]

VM state:at safepoint (normal execution)

VM Mutex/Monitor currently owned by a thread:  ([mutex/lock_event])
[0x00007f8d18007820] Threads_lock - owner thread: 0x00007f8d1813f800
[0x00007f8d18007d20] Heap_lock - owner thread: 0x00007f8d1800b000

Heap:
 PSYoungGen      total 263168K, used 169K [0x00000000d6780000, 0x00000000e6980000, 0x0000000100000000)
  eden space 262144K, 0% used [0x00000000d6780000,0x00000000d6780000,0x00000000e6780000)
  from space 1024K, 16% used [0x00000000e6780000,0x00000000e67aa610,0x00000000e6880000)
  to   space 1024K, 0% used [0x00000000e6880000,0x00000000e6880000,0x00000000e6980000)
 ParOldGen       total 86016K, used 408K [0x0000000083600000, 0x0000000088a00000, 0x00000000d6780000)
  object space 86016K, 0% used [0x0000000083600000,0x0000000083666090,0x0000000088a00000)
 Metaspace       used 3257K, capacity 4500K, committed 4864K, reserved 1056768K
  class space    used 347K, capacity 388K, committed 512K, reserved 1048576K

Card table byte_map: [0x00007f8d079d9000,0x00007f8d07dbf000] byte_map_base: 0x00007f8d075be000

Marking Bits: (ParMarkBitMap*) 0x00007f8d1d727260
 Begin Bits: [0x00007f8cfc1b0000, 0x00007f8cfe0d8000)
 End Bits:   [0x00007f8cfe0d8000, 0x00007f8d00000000)

Polling page: 0x00007f8d1e54e000

CodeCache: size=245760Kb used=1294Kb max_used=1305Kb free=244465Kb
 bounds [0x00007f8d0817f000, 0x00007f8d083ef000, 0x00007f8d1717f000]
 total_blobs=332 nmethods=86 adapters=162
 compilation: enabled

Compilation events (10 events):
Event: 1,796 Thread 0x00007f8d181d8000   82       4       java.io.BufferedReader::readLine (6 bytes)
Event: 1,812 Thread 0x00007f8d181d9800   83   !   4       java.nio.charset.CharsetDecoder::decode (287 bytes)
Event: 1,819 Thread 0x00007f8d181d9800 nmethod 83 0x00007f8d082bf650 code [0x00007f8d082bf7e0, 0x00007f8d082bfa48]
Event: 1,875 Thread 0x00007f8d181d8000 nmethod 82 0x00007f8d082c4510 code [0x00007f8d082c4760, 0x00007f8d082c5ce8]
Event: 2,063 Thread 0x00007f8d181d9800   84       4       java.lang.StringBuilder::toString (17 bytes)
Event: 2,072 Thread 0x00007f8d181d9800 nmethod 84 0x00007f8d082beed0 code [0x00007f8d082bf040, 0x00007f8d082bf3d8]
Event: 2,344 Thread 0x00007f8d181d8000   85       4       sun.nio.cs.UTF_8$Decoder::decodeArrayLoop (691 bytes)
Event: 2,348 Thread 0x00007f8d181d9800   86       4       java.nio.ByteBuffer::arrayOffset (35 bytes)
Event: 2,349 Thread 0x00007f8d181d9800 nmethod 86 0x00007f8d082bec50 code [0x00007f8d082beda0, 0x00007f8d082bee38]
Event: 2,351 Thread 0x00007f8d181d8000 nmethod 85 0x00007f8d082c2050 code [0x00007f8d082c21c0, 0x00007f8d082c24d8]

GC Heap History (10 events):
Event: 0,739 GC heap after
Heap after GC invocations=2 (full 0):
 PSYoungGen      total 70656K, used 464K [0x00000000d6780000, 0x00000000db180000, 0x0000000100000000)
  eden space 65536K, 0% used [0x00000000d6780000,0x00000000d6780000,0x00000000da780000)
  from space 5120K, 9% used [0x00000000dac80000,0x00000000dacf4010,0x00000000db180000)
  to   space 5120K, 0% used [0x00000000da780000,0x00000000da780000,0x00000000dac80000)
 ParOldGen       total 86016K, used 8K [0x0000000083600000, 0x0000000088a00000, 0x00000000d6780000)
  object space 86016K, 0% used [0x0000000083600000,0x0000000083602000,0x0000000088a00000)
 Metaspace       used 3257K, capacity 4500K, committed 4864K, reserved 1056768K
  class space    used 347K, capacity 388K, committed 512K, reserved 1048576K
}
Event: 0,869 GC heap before
{Heap before GC invocations=3 (full 0):
 PSYoungGen      total 70656K, used 66000K [0x00000000d6780000, 0x00000000db180000, 0x0000000100000000)
  eden space 65536K, 100% used [0x00000000d6780000,0x00000000da780000,0x00000000da780000)
  from space 5120K, 9% used [0x00000000dac80000,0x00000000dacf4010,0x00000000db180000)
  to   space 5120K, 0% used [0x00000000da780000,0x00000000da780000,0x00000000dac80000)
 ParOldGen       total 86016K, used 8K [0x0000000083600000, 0x0000000088a00000, 0x00000000d6780000)
  object space 86016K, 0% used [0x0000000083600000,0x0000000083602000,0x0000000088a00000)
 Metaspace       used 3257K, capacity 4500K, committed 4864K, reserved 1056768K
  class space    used 347K, capacity 388K, committed 512K, reserved 1048576K
Event: 0,871 GC heap after
Heap after GC invocations=3 (full 0):
 PSYoungGen      total 70656K, used 470K [0x00000000d6780000, 0x00000000df180000, 0x0000000100000000)
  eden space 65536K, 0% used [0x00000000d6780000,0x00000000d6780000,0x00000000da780000)
  from space 5120K, 9% used [0x00000000da780000,0x00000000da7f5950,0x00000000dac80000)
  to   space 5120K, 0% used [0x00000000dec80000,0x00000000dec80000,0x00000000df180000)
 ParOldGen       total 86016K, used 8K [0x0000000083600000, 0x0000000088a00000, 0x00000000d6780000)
  object space 86016K, 0% used [0x0000000083600000,0x0000000083602000,0x0000000088a00000)
 Metaspace       used 3257K, capacity 4500K, committed 4864K, reserved 1056768K
  class space    used 347K, capacity 388K, committed 512K, reserved 1048576K
}
Event: 0,966 GC heap before
{Heap before GC invocations=4 (full 0):
 PSYoungGen      total 70656K, used 65994K [0x00000000d6780000, 0x00000000df180000, 0x0000000100000000)
  eden space 65536K, 99% used [0x00000000d6780000,0x00000000da77d270,0x00000000da780000)
  from space 5120K, 9% used [0x00000000da780000,0x00000000da7f5950,0x00000000dac80000)
  to   space 5120K, 0% used [0x00000000dec80000,0x00000000dec80000,0x00000000df180000)
 ParOldGen       total 86016K, used 8K [0x0000000083600000, 0x0000000088a00000, 0x00000000d6780000)
  object space 86016K, 0% used [0x0000000083600000,0x0000000083602000,0x0000000088a00000)
 Metaspace       used 3257K, capacity 4500K, committed 4864K, reserved 1056768K
  class space    used 347K, capacity 388K, committed 512K, reserved 1048576K
Event: 0,975 GC heap after
Heap after GC invocations=4 (full 0):
 PSYoungGen      total 136192K, used 514K [0x00000000d6780000, 0x00000000df180000, 0x0000000100000000)
  eden space 131072K, 0% used [0x00000000d6780000,0x00000000d6780000,0x00000000de780000)
  from space 5120K, 10% used [0x00000000dec80000,0x00000000ded008c8,0x00000000df180000)
  to   space 5120K, 0% used [0x00000000de780000,0x00000000de780000,0x00000000dec80000)
 ParOldGen       total 86016K, used 8K [0x0000000083600000, 0x0000000088a00000, 0x00000000d6780000)
  object space 86016K, 0% used [0x0000000083600000,0x0000000083602000,0x0000000088a00000)
 Metaspace       used 3257K, capacity 4500K, committed 4864K, reserved 1056768K
  class space    used 347K, capacity 388K, committed 512K, reserved 1048576K
}
Event: 1,666 GC heap before
{Heap before GC invocations=5 (full 0):
 PSYoungGen      total 136192K, used 131586K [0x00000000d6780000, 0x00000000df180000, 0x0000000100000000)
  eden space 131072K, 100% used [0x00000000d6780000,0x00000000de780000,0x00000000de780000)
  from space 5120K, 10% used [0x00000000dec80000,0x00000000ded008c8,0x00000000df180000)
  to   space 5120K, 0% used [0x00000000de780000,0x00000000de780000,0x00000000dec80000)
 ParOldGen       total 86016K, used 8K [0x0000000083600000, 0x0000000088a00000, 0x00000000d6780000)
  object space 86016K, 0% used [0x0000000083600000,0x0000000083602000,0x0000000088a00000)
 Metaspace       used 3257K, capacity 4500K, committed 4864K, reserved 1056768K
  class space    used 347K, capacity 388K, committed 512K, reserved 1048576K
Event: 1,675 GC heap after
Heap after GC invocations=5 (full 0):
 PSYoungGen      total 136192K, used 522K [0x00000000d6780000, 0x00000000e6980000, 0x0000000100000000)
  eden space 131072K, 0% used [0x00000000d6780000,0x00000000d6780000,0x00000000de780000)
  from space 5120K, 10% used [0x00000000de780000,0x00000000de8029c8,0x00000000dec80000)
  to   space 1024K, 0% used [0x00000000e6880000,0x00000000e6880000,0x00000000e6980000)
 ParOldGen       total 86016K, used 8K [0x0000000083600000, 0x0000000088a00000, 0x00000000d6780000)
  object space 86016K, 0% used [0x0000000083600000,0x0000000083602000,0x0000000088a00000)
 Metaspace       used 3257K, capacity 4500K, committed 4864K, reserved 1056768K
  class space    used 347K, capacity 388K, committed 512K, reserved 1048576K
}
Event: 1,783 GC heap before
{Heap before GC invocations=6 (full 0):
 PSYoungGen      total 136192K, used 131594K [0x00000000d6780000, 0x00000000e6980000, 0x0000000100000000)
  eden space 131072K, 100% used [0x00000000d6780000,0x00000000de780000,0x00000000de780000)
  from space 5120K, 10% used [0x00000000de780000,0x00000000de8029c8,0x00000000dec80000)
  to   space 1024K, 0% used [0x00000000e6880000,0x00000000e6880000,0x00000000e6980000)
 ParOldGen       total 86016K, used 8K [0x0000000083600000, 0x0000000088a00000, 0x00000000d6780000)
  object space 86016K, 0% used [0x0000000083600000,0x0000000083602000,0x0000000088a00000)
 Metaspace       used 3257K, capacity 4500K, committed 4864K, reserved 1056768K
  class space    used 347K, capacity 388K, committed 512K, reserved 1048576K
Event: 1,791 GC heap after
Heap after GC invocations=6 (full 0):
 PSYoungGen      total 263168K, used 548K [0x00000000d6780000, 0x00000000e6980000, 0x0000000100000000)
  eden space 262144K, 0% used [0x00000000d6780000,0x00000000d6780000,0x00000000e6780000)
  from space 1024K, 53% used [0x00000000e6880000,0x00000000e6909050,0x00000000e6980000)
  to   space 1024K, 0% used [0x00000000e6780000,0x00000000e6780000,0x00000000e6880000)
 ParOldGen       total 86016K, used 8K [0x0000000083600000, 0x0000000088a00000, 0x00000000d6780000)
  object space 86016K, 0% used [0x0000000083600000,0x0000000083602000,0x0000000088a00000)
 Metaspace       used 3257K, capacity 4500K, committed 4864K, reserved 1056768K
  class space    used 347K, capacity 388K, committed 512K, reserved 1048576K
}
Event: 2,417 GC heap before
{Heap before GC invocations=7 (full 0):
 PSYoungGen      total 263168K, used 262692K [0x00000000d6780000, 0x00000000e6980000, 0x0000000100000000)
  eden space 262144K, 100% used [0x00000000d6780000,0x00000000e6780000,0x00000000e6780000)
  from space 1024K, 53% used [0x00000000e6880000,0x00000000e6909050,0x00000000e6980000)
  to   space 1024K, 0% used [0x00000000e6780000,0x00000000e6780000,0x00000000e6880000)
 ParOldGen       total 86016K, used 8K [0x0000000083600000, 0x0000000088a00000, 0x00000000d6780000)
  object space 86016K, 0% used [0x0000000083600000,0x0000000083602000,0x0000000088a00000)
 Metaspace       used 3257K, capacity 4500K, committed 4864K, reserved 1056768K
  class space    used 347K, capacity 388K, committed 512K, reserved 1048576K

Deoptimization events (0 events):
No events

Internal exceptions (2 events):
Event: 0,153 Thread 0x00007f8d1800b000 Exception <a 'java/lang/NoSuchMethodError': Method sun.misc.Unsafe.defineClass(Ljava/lang/String;[BII)Ljava/lang/Class; name or signature does not match> (0x00000000d6787ca8) thrown at [/build/java8-openjdk/src/jdk8u-jdk8u121-b13/hotspot/src/share/vm/prim
Event: 0,153 Thread 0x00007f8d1800b000 Exception <a 'java/lang/NoSuchMethodError': Method sun.misc.Unsafe.prefetchRead(Ljava/lang/Object;J)V name or signature does not match> (0x00000000d6787f90) thrown at [/build/java8-openjdk/src/jdk8u-jdk8u121-b13/hotspot/src/share/vm/prims/jni.cpp, line 40

Events (10 events):
Event: 0,739 Executing VM operation: ParallelGCFailedAllocation done
Event: 0,869 Executing VM operation: ParallelGCFailedAllocation
Event: 0,872 Executing VM operation: ParallelGCFailedAllocation done
Event: 0,966 Executing VM operation: ParallelGCFailedAllocation
Event: 0,975 Executing VM operation: ParallelGCFailedAllocation done
Event: 1,666 Executing VM operation: ParallelGCFailedAllocation
Event: 1,675 Executing VM operation: ParallelGCFailedAllocation done
Event: 1,783 Executing VM operation: ParallelGCFailedAllocation
Event: 1,791 Executing VM operation: ParallelGCFailedAllocation done
Event: 2,417 Executing VM operation: ParallelGCFailedAllocation


Dynamic libraries:
00400000-00401000 r-xp 00000000 08:01 1048645                            /usr/lib/jvm/java-8-openjdk/jre/bin/java
00600000-00601000 r--p 00000000 08:01 1048645                            /usr/lib/jvm/java-8-openjdk/jre/bin/java
00601000-00602000 rw-p 00001000 08:01 1048645                            /usr/lib/jvm/java-8-openjdk/jre/bin/java
01214000-01235000 rw-p 00000000 00:00 0                                  [heap]
83600000-88a00000 rw-p 00000000 00:00 0 
88a00000-d6780000 ---p 00000000 00:00 0 
d6780000-e6980000 rw-p 00000000 00:00 0 
f6980000-100000000 ---p 00000000 00:00 0 
100000000-100080000 rw-p 00000000 00:00 0 
100080000-140000000 ---p 00000000 00:00 0 
7f8cc8000000-7f8cc8021000 rw-p 00000000 00:00 0 
7f8cc8021000-7f8ccc000000 ---p 00000000 00:00 0 
7f8ccc000000-7f8ccc021000 rw-p 00000000 00:00 0 
7f8ccc021000-7f8cd0000000 ---p 00000000 00:00 0 
7f8cd0000000-7f8cd009c000 rw-p 00000000 00:00 0 
7f8cd009c000-7f8cd4000000 ---p 00000000 00:00 0 
7f8cd4000000-7f8cd41c4000 rw-p 00000000 00:00 0 
7f8cd41c4000-7f8cd8000000 ---p 00000000 00:00 0 
7f8cd8000000-7f8cd8039000 rw-p 00000000 00:00 0 
7f8cd8039000-7f8cdc000000 ---p 00000000 00:00 0 
7f8cdc000000-7f8cdc138000 rw-p 00000000 00:00 0 
7f8cdc138000-7f8ce0000000 ---p 00000000 00:00 0 
7f8ce0000000-7f8ce0021000 rw-p 00000000 00:00 0 
7f8ce0021000-7f8ce4000000 ---p 00000000 00:00 0 
7f8ce4000000-7f8ce4021000 rw-p 00000000 00:00 0 
7f8ce4021000-7f8ce8000000 ---p 00000000 00:00 0 
7f8ce8000000-7f8ce802b000 rw-p 00000000 00:00 0 
7f8ce802b000-7f8cec000000 ---p 00000000 00:00 0 
7f8cec000000-7f8cec021000 rw-p 00000000 00:00 0 
7f8cec021000-7f8cf0000000 ---p 00000000 00:00 0 
7f8cf0000000-7f8cf0021000 rw-p 00000000 00:00 0 
7f8cf0021000-7f8cf4000000 ---p 00000000 00:00 0 
7f8cf4000000-7f8cf4021000 rw-p 00000000 00:00 0 
7f8cf4021000-7f8cf8000000 ---p 00000000 00:00 0 
7f8cf8000000-7f8cf8021000 rw-p 00000000 00:00 0 
7f8cf8021000-7f8cfc000000 ---p 00000000 00:00 0 
7f8cfc1b0000-7f8d00000000 rw-p 00000000 00:00 0 
7f8d00000000-7f8d00021000 rw-p 00000000 00:00 0 
7f8d00021000-7f8d04000000 ---p 00000000 00:00 0 
7f8d047b6000-7f8d047bf000 r--p 00000000 08:01 1458552                    /usr/share/locale/hu/LC_MESSAGES/libc.mo
7f8d047bf000-7f8d047c0000 ---p 00000000 00:00 0 
7f8d047c0000-7f8d048c0000 rw-p 00000000 00:00 0 
7f8d048c0000-7f8d048c3000 ---p 00000000 00:00 0 
7f8d048c3000-7f8d049c1000 rw-p 00000000 00:00 0 
7f8d049c1000-7f8d049c4000 ---p 00000000 00:00 0 
7f8d049c4000-7f8d04ac2000 rw-p 00000000 00:00 0 
7f8d04ac2000-7f8d04ac5000 ---p 00000000 00:00 0 
7f8d04ac5000-7f8d04bc3000 rw-p 00000000 00:00 0 
7f8d04bc3000-7f8d04bd9000 r-xp 00000000 08:01 1049324                    /usr/lib/jvm/java-8-openjdk/jre/lib/amd64/libnet.so
7f8d04bd9000-7f8d04dd8000 ---p 00016000 08:01 1049324                    /usr/lib/jvm/java-8-openjdk/jre/lib/amd64/libnet.so
7f8d04dd8000-7f8d04dd9000 r--p 00015000 08:01 1049324                    /usr/lib/jvm/java-8-openjdk/jre/lib/amd64/libnet.so
7f8d04dd9000-7f8d04dda000 rw-p 00016000 08:01 1049324                    /usr/lib/jvm/java-8-openjdk/jre/lib/amd64/libnet.so
7f8d04dda000-7f8d04ddd000 ---p 00000000 00:00 0 
7f8d04ddd000-7f8d04edb000 rw-p 00000000 00:00 0 
7f8d04edb000-7f8d04ede000 ---p 00000000 00:00 0 
7f8d04ede000-7f8d04fdc000 rw-p 00000000 00:00 0 
7f8d04fdc000-7f8d04fde000 r--s 0001a000 08:01 1324047                    /home/byteforce/Dokumentumok/idea-IU-171.3780.107/lib/idea_rt.jar
7f8d04fde000-7f8d04fe6000 r--s 00045000 08:01 1330576                    /home/byteforce/Dokumentumok/idea-IU-171.3780.107/lib/junit-4.12.jar
7f8d04fe6000-7f8d04fe9000 ---p 00000000 00:00 0 
7f8d04fe9000-7f8d050e7000 rw-p 00000000 00:00 0 
7f8d050e7000-7f8d05401000 r--p 00000000 08:01 917797                     /usr/lib/locale/locale-archive
7f8d05401000-7f8d05404000 ---p 00000000 00:00 0 
7f8d05404000-7f8d05502000 rw-p 00000000 00:00 0 
7f8d05502000-7f8d05505000 ---p 00000000 00:00 0 
7f8d05505000-7f8d05603000 rw-p 00000000 00:00 0 
7f8d05603000-7f8d05604000 ---p 00000000 00:00 0 
7f8d05604000-7f8d06613000 rw-p 00000000 00:00 0 
7f8d06613000-7f8d067e2000 r--s 03c05000 08:01 1049262                    /usr/lib/jvm/java-8-openjdk/jre/lib/rt.jar
7f8d067e2000-7f8d06c98000 rw-p 00000000 00:00 0 
7f8d06c98000-7f8d07058000 ---p 00000000 00:00 0 
7f8d07058000-7f8d0743d000 rw-p 00000000 00:00 0 
7f8d0743d000-7f8d0743e000 ---p 00000000 00:00 0 
7f8d0743e000-7f8d0753e000 rw-p 00000000 00:00 0 
7f8d0753e000-7f8d0753f000 ---p 00000000 00:00 0 
7f8d0753f000-7f8d0763f000 rw-p 00000000 00:00 0 
7f8d0763f000-7f8d07640000 ---p 00000000 00:00 0 
7f8d07640000-7f8d0776a000 rw-p 00000000 00:00 0 
7f8d0776a000-7f8d079d9000 ---p 00000000 00:00 0 
7f8d079d9000-7f8d07a03000 rw-p 00000000 00:00 0 
7f8d07a03000-7f8d07c71000 ---p 00000000 00:00 0 
7f8d07c71000-7f8d07cf3000 rw-p 00000000 00:00 0 
7f8d07cf3000-7f8d07dbe000 ---p 00000000 00:00 0 
7f8d07dbe000-7f8d07dc9000 rw-p 00000000 00:00 0 
7f8d07dc9000-7f8d0817f000 ---p 00000000 00:00 0 
7f8d0817f000-7f8d083ef000 rwxp 00000000 00:00 0 
7f8d083ef000-7f8d1717f000 ---p 00000000 00:00 0 
7f8d1717f000-7f8d17187000 r-xp 00000000 08:01 1049326                    /usr/lib/jvm/java-8-openjdk/jre/lib/amd64/libzip.so
7f8d17187000-7f8d17386000 ---p 00008000 08:01 1049326                    /usr/lib/jvm/java-8-openjdk/jre/lib/amd64/libzip.so
7f8d17386000-7f8d17387000 r--p 00007000 08:01 1049326                    /usr/lib/jvm/java-8-openjdk/jre/lib/amd64/libzip.so
7f8d17387000-7f8d17388000 rw-p 00008000 08:01 1049326                    /usr/lib/jvm/java-8-openjdk/jre/lib/amd64/libzip.so
7f8d17388000-7f8d17393000 r-xp 00000000 08:01 527932                     /usr/lib/libnss_files-2.25.so
7f8d17393000-7f8d17592000 ---p 0000b000 08:01 527932                     /usr/lib/libnss_files-2.25.so
7f8d17592000-7f8d17593000 r--p 0000a000 08:01 527932                     /usr/lib/libnss_files-2.25.so
7f8d17593000-7f8d17594000 rw-p 0000b000 08:01 527932                     /usr/lib/libnss_files-2.25.so
7f8d17594000-7f8d1759a000 rw-p 00000000 00:00 0 
7f8d1759a000-7f8d175a5000 r-xp 00000000 08:01 527628                     /usr/lib/libnss_nis-2.25.so
7f8d175a5000-7f8d177a4000 ---p 0000b000 08:01 527628                     /usr/lib/libnss_nis-2.25.so
7f8d177a4000-7f8d177a5000 r--p 0000a000 08:01 527628                     /usr/lib/libnss_nis-2.25.so
7f8d177a5000-7f8d177a6000 rw-p 0000b000 08:01 527628                     /usr/lib/libnss_nis-2.25.so
7f8d177a6000-7f8d177bb000 r-xp 00000000 08:01 527151                     /usr/lib/libnsl-2.25.so
7f8d177bb000-7f8d179ba000 ---p 00015000 08:01 527151                     /usr/lib/libnsl-2.25.so
7f8d179ba000-7f8d179bb000 r--p 00014000 08:01 527151                     /usr/lib/libnsl-2.25.so
7f8d179bb000-7f8d179bc000 rw-p 00015000 08:01 527151                     /usr/lib/libnsl-2.25.so
7f8d179bc000-7f8d179be000 rw-p 00000000 00:00 0 
7f8d179be000-7f8d179c5000 r-xp 00000000 08:01 528107                     /usr/lib/libnss_compat-2.25.so
7f8d179c5000-7f8d17bc4000 ---p 00007000 08:01 528107                     /usr/lib/libnss_compat-2.25.so
7f8d17bc4000-7f8d17bc5000 r--p 00006000 08:01 528107                     /usr/lib/libnss_compat-2.25.so
7f8d17bc5000-7f8d17bc6000 rw-p 00007000 08:01 528107                     /usr/lib/libnss_compat-2.25.so
7f8d17bc6000-7f8d17bd0000 r-xp 00000000 08:01 1049309                    /usr/lib/jvm/java-8-openjdk/jre/lib/amd64/libinstrument.so
7f8d17bd0000-7f8d17dcf000 ---p 0000a000 08:01 1049309                    /usr/lib/jvm/java-8-openjdk/jre/lib/amd64/libinstrument.so
7f8d17dcf000-7f8d17dd0000 r--p 00009000 08:01 1049309                    /usr/lib/jvm/java-8-openjdk/jre/lib/amd64/libinstrument.so
7f8d17dd0000-7f8d17dd1000 rw-p 0000a000 08:01 1049309                    /usr/lib/jvm/java-8-openjdk/jre/lib/amd64/libinstrument.so
7f8d17dd1000-7f8d17dfe000 r-xp 00000000 08:01 1049322                    /usr/lib/jvm/java-8-openjdk/jre/lib/amd64/libjava.so
7f8d17dfe000-7f8d17ffd000 ---p 0002d000 08:01 1049322                    /usr/lib/jvm/java-8-openjdk/jre/lib/amd64/libjava.so
7f8d17ffd000-7f8d17ffe000 r--p 0002c000 08:01 1049322                    /usr/lib/jvm/java-8-openjdk/jre/lib/amd64/libjava.so
7f8d17ffe000-7f8d18000000 rw-p 0002d000 08:01 1049322                    /usr/lib/jvm/java-8-openjdk/jre/lib/amd64/libjava.so
7f8d18000000-7f8d181f1000 rw-p 00000000 00:00 0 
7f8d181f1000-7f8d1c000000 ---p 00000000 00:00 0 
7f8d1c000000-7f8d1c002000 r--s 00009000 08:01 1330534                    /home/byteforce/Dokumentumok/idea-IU-171.3780.107/lib/hamcrest-core-1.3.jar
7f8d1c002000-7f8d1c003000 ---p 00000000 00:00 0 
7f8d1c003000-7f8d1c103000 rw-p 00000000 00:00 0 
7f8d1c103000-7f8d1c110000 r-xp 00000000 08:01 1049305                    /usr/lib/jvm/java-8-openjdk/jre/lib/amd64/libverify.so
7f8d1c110000-7f8d1c30f000 ---p 0000d000 08:01 1049305                    /usr/lib/jvm/java-8-openjdk/jre/lib/amd64/libverify.so
7f8d1c30f000-7f8d1c311000 r--p 0000c000 08:01 1049305                    /usr/lib/jvm/java-8-openjdk/jre/lib/amd64/libverify.so
7f8d1c311000-7f8d1c312000 rw-p 0000e000 08:01 1049305                    /usr/lib/jvm/java-8-openjdk/jre/lib/amd64/libverify.so
7f8d1c312000-7f8d1c319000 r-xp 00000000 08:01 527148                     /usr/lib/librt-2.25.so
7f8d1c319000-7f8d1c518000 ---p 00007000 08:01 527148                     /usr/lib/librt-2.25.so
7f8d1c518000-7f8d1c519000 r--p 00006000 08:01 527148                     /usr/lib/librt-2.25.so
7f8d1c519000-7f8d1c51a000 rw-p 00007000 08:01 527148                     /usr/lib/librt-2.25.so
7f8d1c51a000-7f8d1c62c000 r-xp 00000000 08:01 527225                     /usr/lib/libm-2.25.so
7f8d1c62c000-7f8d1c82b000 ---p 00112000 08:01 527225                     /usr/lib/libm-2.25.so
7f8d1c82b000-7f8d1c82c000 r--p 00111000 08:01 527225                     /usr/lib/libm-2.25.so
7f8d1c82c000-7f8d1c82d000 rw-p 00112000 08:01 527225                     /usr/lib/libm-2.25.so
7f8d1c82d000-7f8d1d458000 r-xp 00000000 08:01 1049331                    /usr/lib/jvm/java-8-openjdk/jre/lib/amd64/server/libjvm.so
7f8d1d458000-7f8d1d657000 ---p 00c2b000 08:01 1049331                    /usr/lib/jvm/java-8-openjdk/jre/lib/amd64/server/libjvm.so
7f8d1d657000-7f8d1d6eb000 r--p 00c2a000 08:01 1049331                    /usr/lib/jvm/java-8-openjdk/jre/lib/amd64/server/libjvm.so
7f8d1d6eb000-7f8d1d714000 rw-p 00cbe000 08:01 1049331                    /usr/lib/jvm/java-8-openjdk/jre/lib/amd64/server/libjvm.so
7f8d1d714000-7f8d1d744000 rw-p 00000000 00:00 0 
7f8d1d744000-7f8d1d8df000 r-xp 00000000 08:01 529037                     /usr/lib/libc-2.25.so
7f8d1d8df000-7f8d1dade000 ---p 0019b000 08:01 529037                     /usr/lib/libc-2.25.so
7f8d1dade000-7f8d1dae2000 r--p 0019a000 08:01 529037                     /usr/lib/libc-2.25.so
7f8d1dae2000-7f8d1dae4000 rw-p 0019e000 08:01 529037                     /usr/lib/libc-2.25.so
7f8d1dae4000-7f8d1dae8000 rw-p 00000000 00:00 0 
7f8d1dae8000-7f8d1daeb000 r-xp 00000000 08:01 527366                     /usr/lib/libdl-2.25.so
7f8d1daeb000-7f8d1dcea000 ---p 00003000 08:01 527366                     /usr/lib/libdl-2.25.so
7f8d1dcea000-7f8d1dceb000 r--p 00002000 08:01 527366                     /usr/lib/libdl-2.25.so
7f8d1dceb000-7f8d1dcec000 rw-p 00003000 08:01 527366                     /usr/lib/libdl-2.25.so
7f8d1dcec000-7f8d1dcf9000 r-xp 00000000 08:01 1049334                    /usr/lib/jvm/java-8-openjdk/jre/lib/amd64/jli/libjli.so
7f8d1dcf9000-7f8d1def8000 ---p 0000d000 08:01 1049334                    /usr/lib/jvm/java-8-openjdk/jre/lib/amd64/jli/libjli.so
7f8d1def8000-7f8d1def9000 r--p 0000c000 08:01 1049334                    /usr/lib/jvm/java-8-openjdk/jre/lib/amd64/jli/libjli.so
7f8d1def9000-7f8d1defa000 rw-p 0000d000 08:01 1049334                    /usr/lib/jvm/java-8-openjdk/jre/lib/amd64/jli/libjli.so
7f8d1defa000-7f8d1df10000 r-xp 00000000 08:01 529892                     /usr/lib/libz.so.1.2.11
7f8d1df10000-7f8d1e10f000 ---p 00016000 08:01 529892                     /usr/lib/libz.so.1.2.11
7f8d1e10f000-7f8d1e110000 r--p 00015000 08:01 529892                     /usr/lib/libz.so.1.2.11
7f8d1e110000-7f8d1e111000 rw-p 00016000 08:01 529892                     /usr/lib/libz.so.1.2.11
7f8d1e111000-7f8d1e12a000 r-xp 00000000 08:01 529661                     /usr/lib/libpthread-2.25.so
7f8d1e12a000-7f8d1e329000 ---p 00019000 08:01 529661                     /usr/lib/libpthread-2.25.so
7f8d1e329000-7f8d1e32a000 r--p 00018000 08:01 529661                     /usr/lib/libpthread-2.25.so
7f8d1e32a000-7f8d1e32b000 rw-p 00019000 08:01 529661                     /usr/lib/libpthread-2.25.so
7f8d1e32b000-7f8d1e32f000 rw-p 00000000 00:00 0 
7f8d1e32f000-7f8d1e352000 r-xp 00000000 08:01 529042                     /usr/lib/ld-2.25.so
7f8d1e353000-7f8d1e366000 r--s 00346000 08:01 1049255                    /usr/lib/jvm/java-8-openjdk/jre/lib/resources.jar
7f8d1e366000-7f8d1e36a000 r--s 0009a000 08:01 1049258                    /usr/lib/jvm/java-8-openjdk/jre/lib/jsse.jar
7f8d1e36a000-7f8d1e36d000 r--s 00015000 08:01 1049252                    /usr/lib/jvm/java-8-openjdk/jre/lib/jce.jar
7f8d1e36d000-7f8d1e415000 rw-p 00000000 00:00 0 
7f8d1e415000-7f8d1e418000 ---p 00000000 00:00 0 
7f8d1e418000-7f8d1e518000 rw-p 00000000 00:00 0 
7f8d1e518000-7f8d1e519000 r--s 00000000 08:01 1049256                    /usr/lib/jvm/java-8-openjdk/jre/lib/management-agent.jar
7f8d1e519000-7f8d1e51e000 r--s 002f9000 08:01 1049257                    /usr/lib/jvm/java-8-openjdk/jre/lib/charsets.jar
7f8d1e51e000-7f8d1e545000 rw-p 00000000 00:00 0 
7f8d1e545000-7f8d1e54d000 rw-s 00000000 00:24 326223                     /tmp/hsperfdata_byteforce/18996
7f8d1e54d000-7f8d1e54e000 rw-p 00000000 00:00 0 
7f8d1e54e000-7f8d1e54f000 ---p 00000000 00:00 0 
7f8d1e54f000-7f8d1e551000 rw-p 00000000 00:00 0 
7f8d1e551000-7f8d1e552000 r--p 00022000 08:01 529042                     /usr/lib/ld-2.25.so
7f8d1e552000-7f8d1e553000 rw-p 00023000 08:01 529042                     /usr/lib/ld-2.25.so
7f8d1e553000-7f8d1e554000 rw-p 00000000 00:00 0 
7ffce703d000-7ffce705e000 rw-p 00000000 00:00 0                          [stack]
7ffce7100000-7ffce7102000 r--p 00000000 00:00 0                          [vvar]
7ffce7102000-7ffce7104000 r-xp 00000000 00:00 0                          [vdso]
ffffffffff600000-ffffffffff601000 r-xp 00000000 00:00 0                  [vsyscall]

VM Arguments:
jvm_args: -javaagent:/home/byteforce/Dokumentumok/idea-IU-171.3780.107/lib/idea_rt.jar=44437:/home/byteforce/Dokumentumok/idea-IU-171.3780.107/bin -Dfile.encoding=UTF-8 
java_command: Main
java_class_path (initial): /usr/lib/jvm/java-8-openjdk/jre/lib/charsets.jar:/usr/lib/jvm/java-8-openjdk/jre/lib/ext/cldrdata.jar:/usr/lib/jvm/java-8-openjdk/jre/lib/ext/dnsns.jar:/usr/lib/jvm/java-8-openjdk/jre/lib/ext/jaccess.jar:/usr/lib/jvm/java-8-openjdk/jre/lib/ext/localedata.jar:/usr/lib/jvm/java-8-openjdk/jre/lib/ext/nashorn.jar:/usr/lib/jvm/java-8-openjdk/jre/lib/ext/sunec.jar:/usr/lib/jvm/java-8-openjdk/jre/lib/ext/sunjce_provider.jar:/usr/lib/jvm/java-8-openjdk/jre/lib/ext/sunpkcs11.jar:/usr/lib/jvm/java-8-openjdk/jre/lib/ext/zipfs.jar:/usr/lib/jvm/java-8-openjdk/jre/lib/jce.jar:/usr/lib/jvm/java-8-openjdk/jre/lib/jsse.jar:/usr/lib/jvm/java-8-openjdk/jre/lib/management-agent.jar:/usr/lib/jvm/java-8-openjdk/jre/lib/resources.jar:/usr/lib/jvm/java-8-openjdk/jre/lib/rt.jar:/home/byteforce/Asztal/JunitMockup/out/production/JunitMockup:/home/byteforce/Dokumentumok/idea-IU-171.3780.107/lib/junit-4.12.jar:/home/byteforce/Dokumentumok/idea-IU-171.3780.107/lib/hamcrest-core-1.3.jar:/home/byteforce/Dokumentumok/idea-IU-171.3780.107/lib/idea_rt.jar
Launcher Type: SUN_STANDARD

Environment Variables:
PATH=/usr/local/sbin:/usr/local/bin:/usr/bin:/usr/lib/jvm/default/bin:/usr/bin/site_perl:/usr/bin/vendor_perl:/usr/bin/core_perl
USERNAME=byteforce
LD_LIBRARY_PATH=/home/byteforce/Dokumentumok/idea-IU-171.3780.107/bin:.:
SHELL=/bin/zsh
DISPLAY=:1

Signal Handlers:
SIGSEGV: [libjvm.so+0xa2d880], sa_mask[0]=11111111011111111101111111111110, sa_flags=SA_RESTART|SA_SIGINFO
SIGBUS: [libjvm.so+0xa2d880], sa_mask[0]=11111111011111111101111111111110, sa_flags=SA_RESTART|SA_SIGINFO
SIGFPE: [libjvm.so+0x881d40], sa_mask[0]=11111111011111111101111111111110, sa_flags=SA_RESTART|SA_SIGINFO
SIGPIPE: [libjvm.so+0x881d40], sa_mask[0]=11111111011111111101111111111110, sa_flags=SA_RESTART|SA_SIGINFO
SIGXFSZ: [libjvm.so+0x881d40], sa_mask[0]=11111111011111111101111111111110, sa_flags=SA_RESTART|SA_SIGINFO
SIGILL: [libjvm.so+0x881d40], sa_mask[0]=11111111011111111101111111111110, sa_flags=SA_RESTART|SA_SIGINFO
SIGUSR1: SIG_DFL, sa_mask[0]=00000000000000000000000000000000, sa_flags=none
SIGUSR2: [libjvm.so+0x881c10], sa_mask[0]=00100000000000000000000000000000, sa_flags=SA_RESTART|SA_SIGINFO
SIGHUP: SIG_IGN, sa_mask[0]=00000000000000000000000000000000, sa_flags=none
SIGINT: [libjvm.so+0x882080], sa_mask[0]=11111111011111111101111111111110, sa_flags=SA_RESTART|SA_SIGINFO
SIGTERM: [libjvm.so+0x882080], sa_mask[0]=11111111011111111101111111111110, sa_flags=SA_RESTART|SA_SIGINFO
SIGQUIT: [libjvm.so+0x882080], sa_mask[0]=11111111011111111101111111111110, sa_flags=SA_RESTART|SA_SIGINFO


---------------  S Y S T E M  ---------------

OS:LSB_VERSION=1.4
DISTRIB_ID=Arch
DISTRIB_RELEASE=rolling
DISTRIB_DESCRIPTION="Arch Linux"

uname:Linux 4.10.11-1-ARCH #1 SMP PREEMPT Tue Apr 18 08:39:42 CEST 2017 x86_64
libc:glibc 2.25 NPTL 2.25 
rlimit: STACK 8192k, CORE infinity, NPROC 31845, NOFILE 4096, AS infinity
load average:10,15 4,99 2,41

/proc/meminfo:
MemTotal:        8161348 kB
MemFree:          188836 kB
MemAvailable:     152712 kB
Buffers:            1896 kB
Cached:           260380 kB
SwapCached:            0 kB
Active:          7500952 kB
Inactive:         178912 kB
Active(anon):    7422236 kB
Inactive(anon):   112596 kB
Active(file):      78716 kB
Inactive(file):    66316 kB
Unevictable:         328 kB
Mlocked:             328 kB
SwapTotal:             0 kB
SwapFree:              0 kB
Dirty:              2384 kB
Writeback:             0 kB
AnonPages:       7418332 kB
Mapped:           204448 kB
Shmem:            116712 kB
Slab:             110604 kB
SReclaimable:      56648 kB
SUnreclaim:        53956 kB
KernelStack:       17120 kB
PageTables:        65836 kB
NFS_Unstable:          0 kB
Bounce:                0 kB
WritebackTmp:          0 kB
CommitLimit:     4080672 kB
Committed_AS:   14349708 kB
VmallocTotal:   34359738367 kB
VmallocUsed:           0 kB
VmallocChunk:          0 kB
HardwareCorrupted:     0 kB
AnonHugePages:   3811328 kB
ShmemHugePages:        0 kB
ShmemPmdMapped:        0 kB
HugePages_Total:       0
HugePages_Free:        0
HugePages_Rsvd:        0
HugePages_Surp:        0
Hugepagesize:       2048 kB
DirectMap4k:      157504 kB
DirectMap2M:     7182336 kB
DirectMap1G:     3145728 kB


CPU:total 4 (1 cores per cpu, 1 threads per core) family 6 model 94 stepping 3, cmov, cx8, fxsr, mmx, sse, sse2, sse3, ssse3, sse4.1, sse4.2, popcnt, avx, avx2, aes, clmul, erms, rtm, 3dnowpref, lzcnt, tsc, tscinvbit, bmi1, bmi2, adx

/proc/cpuinfo:
processor	: 0
vendor_id	: GenuineIntel
cpu family	: 6
model		: 94
model name	: Intel(R) Core(TM) i7-6700HQ CPU @ 2.60GHz
stepping	: 3
microcode	: 0x74
cpu MHz		: 2591.999
cache size	: 6144 KB
physical id	: 0
siblings	: 1
core id		: 0
cpu cores	: 1
apicid		: 0
initial apicid	: 0
fpu		: yes
fpu_exception	: yes
cpuid level	: 22
wp		: yes
flags		: fpu vme de pse tsc msr pae mce cx8 apic sep mtrr pge mca cmov pat pse36 clflush dts mmx fxsr sse sse2 ss syscall nx pdpe1gb rdtscp lm constant_tsc arch_perfmon pebs bts nopl xtopology tsc_reliable nonstop_tsc aperfmperf pni pclmulqdq ssse3 fma cx16 pcid sse4_1 sse4_2 x2apic movbe popcnt tsc_deadline_timer aes xsave avx f16c rdrand hypervisor lahf_lm abm 3dnowprefetch epb fsgsbase tsc_adjust bmi1 hle avx2 smep bmi2 invpcid rtm rdseed adx smap xsaveopt dtherm ida arat pln pts hwp hwp_notify hwp_act_window hwp_epp
bugs		:
bogomips	: 5186.99
clflush size	: 64
cache_alignment	: 64
address sizes	: 42 bits physical, 48 bits virtual
power management:

processor	: 1
vendor_id	: GenuineIntel
cpu family	: 6
model		: 94
model name	: Intel(R) Core(TM) i7-6700HQ CPU @ 2.60GHz
stepping	: 3
microcode	: 0x74
cpu MHz		: 2591.999
cache size	: 6144 KB
physical id	: 2
siblings	: 1
core id		: 0
cpu cores	: 1
apicid		: 2
initial apicid	: 2
fpu		: yes
fpu_exception	: yes
cpuid level	: 22
wp		: yes
flags		: fpu vme de pse tsc msr pae mce cx8 apic sep mtrr pge mca cmov pat pse36 clflush dts mmx fxsr sse sse2 ss syscall nx pdpe1gb rdtscp lm constant_tsc arch_perfmon pebs bts nopl xtopology tsc_reliable nonstop_tsc aperfmperf pni pclmulqdq ssse3 fma cx16 pcid sse4_1 sse4_2 x2apic movbe popcnt tsc_deadline_timer aes xsave avx f16c rdrand hypervisor lahf_lm abm 3dnowprefetch epb fsgsbase tsc_adjust bmi1 hle avx2 smep bmi2 invpcid rtm rdseed adx smap xsaveopt dtherm ida arat pln pts hwp hwp_notify hwp_act_window hwp_epp
bugs		:
bogomips	: 5186.99
clflush size	: 64
cache_alignment	: 64
address sizes	: 42 bits physical, 48 bits virtual
power management:

processor	: 2
vendor_id	: GenuineIntel
cpu family	: 6
model		: 94
model name	: Intel(R) Core(TM) i7-6700HQ CPU @ 2.60GHz
stepping	: 3
microcode	: 0x74
cpu MHz		: 2591.999
cache size	: 6144 KB
physical id	: 4
siblings	: 1
core id		: 0
cpu cores	: 1
apicid		: 4
initial apicid	: 4
fpu		: yes
fpu_exception	: yes
cpuid level	: 22
wp		: yes
flags		: fpu vme de pse tsc msr pae mce cx8 apic sep mtrr pge mca cmov pat pse36 clflush dts mmx fxsr sse sse2 ss syscall nx pdpe1gb rdtscp lm constant_tsc arch_perfmon pebs bts nopl xtopology tsc_reliable nonstop_tsc aperfmperf pni pclmulqdq ssse3 fma cx16 pcid sse4_1 sse4_2 x2apic movbe popcnt tsc_deadline_timer aes xsave avx f16c rdrand hypervisor lahf_lm abm 3dnowprefetch epb fsgsbase tsc_adjust bmi1 hle avx2 smep bmi2 invpcid rtm rdseed adx smap xsaveopt dtherm ida arat pln pts hwp hwp_notify hwp_act_window hwp_epp
bugs		:
bogomips	: 5186.99
clflush size	: 64
cache_alignment	: 64
address sizes	: 42 bits physical, 48 bits virtual
power management:

processor	: 3
vendor_id	: GenuineIntel
cpu family	: 6
model		: 94
model name	: Intel(R) Core(TM) i7-6700HQ CPU @ 2.60GHz
stepping	: 3
microcode	: 0x74
cpu MHz		: 2591.999
cache size	: 6144 KB
physical id	: 6
siblings	: 1
core id		: 0
cpu cores	: 1
apicid		: 6
initial apicid	: 6
fpu		: yes
fpu_exception	: yes
cpuid level	: 22
wp		: yes
flags		: fpu vme de pse tsc msr pae mce cx8 apic sep mtrr pge mca cmov pat pse36 clflush dts mmx fxsr sse sse2 ss syscall nx pdpe1gb rdtscp lm constant_tsc arch_perfmon pebs bts nopl xtopology tsc_reliable nonstop_tsc aperfmperf pni pclmulqdq ssse3 fma cx16 pcid sse4_1 sse4_2 x2apic movbe popcnt tsc_deadline_timer aes xsave avx f16c rdrand hypervisor lahf_lm abm 3dnowprefetch epb fsgsbase tsc_adjust bmi1 hle avx2 smep bmi2 invpcid rtm rdseed adx smap xsaveopt dtherm ida arat pln pts hwp hwp_notify hwp_act_window hwp_epp
bugs		:
bogomips	: 5186.99
clflush size	: 64
cache_alignment	: 64
address sizes	: 42 bits physical, 48 bits virtual
power management:



Memory: 4k page, physical 8161348k(188836k free), swap 0k(0k free)

vm_info: OpenJDK 64-Bit Server VM (25.121-b13) for linux-amd64 JRE (1.8.0_121-b13), built on Jan 22 2017 09:22:31 by "builduser" with gcc 6.3.1 20170109

time: Fri May  5 19:56:13 2017
elapsed time: 2 seconds (0d 0h 0m 2s)

